<?xml version="1.0" encoding="UTF-8"?>
<testsuite name="com.hasitha.asciidoctordemo.resource.ResourceTest" tests="1" skipped="0" failures="0" errors="0" timestamp="2020-01-06T09:29:24" hostname="CL-HasithaM" time="0.279">
  <properties/>
  <testcase name="shouldReturnDefaultMessage()" classname="com.hasitha.asciidoctordemo.resource.ResourceTest" time="0.279"/>
  <system-out><![CDATA[14:59:23.404 [Test worker] DEBUG org.springframework.test.context.BootstrapUtils - Instantiating CacheAwareContextLoaderDelegate from class [org.springframework.test.context.cache.DefaultCacheAwareContextLoaderDelegate]
14:59:23.414 [Test worker] DEBUG org.springframework.test.context.BootstrapUtils - Instantiating BootstrapContext using constructor [public org.springframework.test.context.support.DefaultBootstrapContext(java.lang.Class,org.springframework.test.context.CacheAwareContextLoaderDelegate)]
14:59:23.434 [Test worker] DEBUG org.springframework.test.context.BootstrapUtils - Instantiating TestContextBootstrapper for test class [com.hasitha.asciidoctordemo.resource.ResourceTest] from class [org.springframework.boot.test.context.SpringBootTestContextBootstrapper]
14:59:23.443 [Test worker] INFO org.springframework.boot.test.context.SpringBootTestContextBootstrapper - Neither @ContextConfiguration nor @ContextHierarchy found for test class [com.hasitha.asciidoctordemo.resource.ResourceTest], using SpringBootContextLoader
14:59:23.446 [Test worker] DEBUG org.springframework.test.context.support.AbstractContextLoader - Did not detect default resource location for test class [com.hasitha.asciidoctordemo.resource.ResourceTest]: class path resource [com/hasitha/asciidoctordemo/resource/ResourceTest-context.xml] does not exist
14:59:23.446 [Test worker] DEBUG org.springframework.test.context.support.AbstractContextLoader - Did not detect default resource location for test class [com.hasitha.asciidoctordemo.resource.ResourceTest]: class path resource [com/hasitha/asciidoctordemo/resource/ResourceTestContext.groovy] does not exist
14:59:23.447 [Test worker] INFO org.springframework.test.context.support.AbstractContextLoader - Could not detect default resource locations for test class [com.hasitha.asciidoctordemo.resource.ResourceTest]: no resource found for suffixes {-context.xml, Context.groovy}.
14:59:23.447 [Test worker] INFO org.springframework.test.context.support.AnnotationConfigContextLoaderUtils - Could not detect default configuration classes for test class [com.hasitha.asciidoctordemo.resource.ResourceTest]: ResourceTest does not declare any static, non-private, non-final, nested classes annotated with @Configuration.
14:59:23.475 [Test worker] DEBUG org.springframework.test.context.support.ActiveProfilesUtils - Could not find an 'annotation declaring class' for annotation type [org.springframework.test.context.ActiveProfiles] and class [com.hasitha.asciidoctordemo.resource.ResourceTest]
14:59:23.514 [Test worker] DEBUG org.springframework.context.annotation.ClassPathScanningCandidateComponentProvider - Identified candidate component class: file [/home/hasitha/Documents/GIT/asciidoctor-demo/build/classes/java/main/com/hasitha/asciidoctordemo/AsciidoctorDemoApplication.class]
14:59:23.515 [Test worker] INFO org.springframework.boot.test.context.SpringBootTestContextBootstrapper - Found @SpringBootConfiguration com.hasitha.asciidoctordemo.AsciidoctorDemoApplication for test class com.hasitha.asciidoctordemo.resource.ResourceTest
14:59:23.558 [Test worker] DEBUG org.springframework.boot.test.context.SpringBootTestContextBootstrapper - @TestExecutionListeners is not present for class [com.hasitha.asciidoctordemo.resource.ResourceTest]: using defaults.
14:59:23.558 [Test worker] INFO org.springframework.boot.test.context.SpringBootTestContextBootstrapper - Loaded default TestExecutionListener class names from location [META-INF/spring.factories]: [org.springframework.boot.test.autoconfigure.restdocs.RestDocsTestExecutionListener, org.springframework.boot.test.autoconfigure.web.client.MockRestServiceServerResetTestExecutionListener, org.springframework.boot.test.autoconfigure.web.servlet.MockMvcPrintOnlyOnFailureTestExecutionListener, org.springframework.boot.test.autoconfigure.web.servlet.WebDriverTestExecutionListener, org.springframework.boot.test.mock.mockito.MockitoTestExecutionListener, org.springframework.boot.test.mock.mockito.ResetMocksTestExecutionListener, org.springframework.test.context.web.ServletTestExecutionListener, org.springframework.test.context.support.DirtiesContextBeforeModesTestExecutionListener, org.springframework.test.context.support.DependencyInjectionTestExecutionListener, org.springframework.test.context.support.DirtiesContextTestExecutionListener, org.springframework.test.context.transaction.TransactionalTestExecutionListener, org.springframework.test.context.jdbc.SqlScriptsTestExecutionListener, org.springframework.test.context.event.EventPublishingTestExecutionListener]
14:59:23.564 [Test worker] DEBUG org.springframework.boot.test.context.SpringBootTestContextBootstrapper - Skipping candidate TestExecutionListener [org.springframework.test.context.transaction.TransactionalTestExecutionListener] due to a missing dependency. Specify custom listener classes or make the default listener classes and their required dependencies available. Offending class: [org/springframework/transaction/interceptor/TransactionAttributeSource]
14:59:23.564 [Test worker] DEBUG org.springframework.boot.test.context.SpringBootTestContextBootstrapper - Skipping candidate TestExecutionListener [org.springframework.test.context.jdbc.SqlScriptsTestExecutionListener] due to a missing dependency. Specify custom listener classes or make the default listener classes and their required dependencies available. Offending class: [org/springframework/transaction/interceptor/TransactionAttribute]
14:59:23.565 [Test worker] INFO org.springframework.boot.test.context.SpringBootTestContextBootstrapper - Using TestExecutionListeners: [org.springframework.test.context.web.ServletTestExecutionListener@6ee91b72, org.springframework.test.context.support.DirtiesContextBeforeModesTestExecutionListener@1cf69fcd, org.springframework.boot.test.mock.mockito.MockitoTestExecutionListener@387d6262, org.springframework.boot.test.autoconfigure.SpringBootDependencyInjectionTestExecutionListener@5a5c76d3, org.springframework.test.context.support.DirtiesContextTestExecutionListener@7c48c461, org.springframework.test.context.event.EventPublishingTestExecutionListener@546834d2, org.springframework.boot.test.autoconfigure.restdocs.RestDocsTestExecutionListener@7d5224f, org.springframework.boot.test.autoconfigure.web.client.MockRestServiceServerResetTestExecutionListener@3e863688, org.springframework.boot.test.autoconfigure.web.servlet.MockMvcPrintOnlyOnFailureTestExecutionListener@4d796f5, org.springframework.boot.test.autoconfigure.web.servlet.WebDriverTestExecutionListener@110cfc19, org.springframework.boot.test.mock.mockito.ResetMocksTestExecutionListener@3fe5632d]
14:59:23.567 [Test worker] DEBUG org.springframework.test.context.support.AbstractDirtiesContextTestExecutionListener - Before test class: context [DefaultTestContext@7fdaab27 testClass = ResourceTest, testInstance = [null], testMethod = [null], testException = [null], mergedContextConfiguration = [WebMergedContextConfiguration@5b0ef5fa testClass = ResourceTest, locations = '{}', classes = '{class com.hasitha.asciidoctordemo.AsciidoctorDemoApplication}', contextInitializerClasses = '[]', activeProfiles = '{}', propertySourceLocations = '{}', propertySourceProperties = '{org.springframework.boot.test.context.SpringBootTestContextBootstrapper=true}', contextCustomizers = set[org.springframework.boot.test.autoconfigure.properties.PropertyMappingContextCustomizer@63da79bb, org.springframework.boot.test.autoconfigure.web.servlet.WebDriverContextCustomizerFactory$Customizer@3143f950, [ImportsContextCustomizer@6b13dd2f key = [@org.springframework.boot.test.context.SpringBootTest(args={}, webEnvironment=MOCK, value={}, properties={}, classes={}), @org.springframework.boot.test.autoconfigure.properties.PropertyMapping(value="spring.test.mockmvc", skip=NO), @org.springframework.context.annotation.Import(value={org.springframework.boot.test.autoconfigure.restdocs.RestDocumentationContextProviderRegistrar.class}), @org.springframework.context.annotation.Import(value={org.springframework.boot.autoconfigure.ImportAutoConfigurationImportSelector.class}), @org.junit.jupiter.api.extension.ExtendWith(value={org.springframework.test.context.junit.jupiter.SpringExtension.class}), @org.springframework.boot.autoconfigure.ImportAutoConfiguration(value={}, exclude={}, classes={}), @org.springframework.boot.test.autoconfigure.web.servlet.AutoConfigureMockMvc(webDriverEnabled=true, print=DEFAULT, webClientEnabled=true, printOnlyOnFailure=true, addFilters=true), @org.springframework.boot.test.autoconfigure.restdocs.AutoConfigureRestDocs(uriScheme="http", outputDir="", uriPort=8080, value="", uriHost="localhost"), @org.springframework.boot.test.autoconfigure.properties.PropertyMapping(value="spring.test.restdocs", skip=NO), @org.apiguardian.api.API(consumers={"*"}, since="5.0", status=STABLE), @org.springframework.test.context.BootstrapWith(value=org.springframework.boot.test.context.SpringBootTestContextBootstrapper.class)]], org.springframework.boot.test.context.filter.ExcludeFilterContextCustomizer@61d6e771, org.springframework.boot.test.json.DuplicateJsonObjectContextCustomizerFactory$DuplicateJsonObjectContextCustomizer@17329aac, org.springframework.boot.test.mock.mockito.MockitoContextCustomizer@0, org.springframework.boot.test.web.client.TestRestTemplateContextCustomizer@25fea45e], resourceBasePath = 'src/main/webapp', contextLoader = 'org.springframework.boot.test.context.SpringBootContextLoader', parent = [null]], attributes = map['org.springframework.test.context.web.ServletTestExecutionListener.activateListener' -> true]], class annotated with @DirtiesContext [false] with mode [null].
14:59:23.583 [Test worker] DEBUG org.springframework.test.context.support.TestPropertySourceUtils - Adding inlined properties to environment: {spring.jmx.enabled=false, org.springframework.boot.test.context.SpringBootTestContextBootstrapper=true, server.port=-1}

  .   ____          _            __ _ _
 /\\ / ___'_ __ _ _(_)_ __  __ _ \ \ \ \
( ( )\___ | '_ | '_| | '_ \/ _` | \ \ \ \
 \\/  ___)| |_)| | | | | || (_| |  ) ) ) )
  '  |____| .__|_| |_|_| |_\__, | / / / /
 =========|_|==============|___/=/_/_/_/
 :: Spring Boot ::        (v2.2.2.RELEASE)

2020-01-06 14:59:23.725  INFO 3705 --- [    Test worker] c.h.a.resource.ResourceTest              : Starting ResourceTest on CL-HasithaM with PID 3705 (started by hasitha in /home/hasitha/Documents/GIT/asciidoctor-demo)
2020-01-06 14:59:23.726  INFO 3705 --- [    Test worker] c.h.a.resource.ResourceTest              : No active profile set, falling back to default profiles: default
2020-01-06 14:59:24.374  INFO 3705 --- [    Test worker] o.s.s.concurrent.ThreadPoolTaskExecutor  : Initializing ExecutorService 'applicationTaskExecutor'
2020-01-06 14:59:24.526  INFO 3705 --- [    Test worker] o.s.b.t.m.w.SpringBootMockServletContext : Initializing Spring TestDispatcherServlet ''
2020-01-06 14:59:24.527  INFO 3705 --- [    Test worker] o.s.t.web.servlet.TestDispatcherServlet  : Initializing Servlet ''
2020-01-06 14:59:24.536  INFO 3705 --- [    Test worker] o.s.t.web.servlet.TestDispatcherServlet  : Completed initialization in 9 ms
2020-01-06 14:59:24.553  INFO 3705 --- [    Test worker] c.h.a.resource.ResourceTest              : Started ResourceTest in 0.965 seconds (JVM running for 1.568)
]]></system-out>
  <system-err><![CDATA[]]></system-err>
</testsuite>
